{"/Users/nadiae/Desktop/bizTime/routes/companies.js": {"path":"/Users/nadiae/Desktop/bizTime/routes/companies.js","statementMap":{"0":{"start":{"line":2,"column":16},"end":{"line":2,"column":34}},"1":{"start":{"line":3,"column":16},"end":{"line":3,"column":34}},"2":{"start":{"line":4,"column":15},"end":{"line":4,"column":31}},"3":{"start":{"line":5,"column":11},"end":{"line":5,"column":27}},"4":{"start":{"line":6,"column":21},"end":{"line":6,"column":47}},"5":{"start":{"line":9,"column":0},"end":{"line":20,"column":2}},"6":{"start":{"line":10,"column":4},"end":{"line":19,"column":5}},"7":{"start":{"line":11,"column":23},"end":{"line":13,"column":9}},"8":{"start":{"line":14,"column":8},"end":{"line":14,"column":51}},"9":{"start":{"line":18,"column":8},"end":{"line":18,"column":24}},"10":{"start":{"line":24,"column":0},"end":{"line":38,"column":3}},"11":{"start":{"line":25,"column":2},"end":{"line":37,"column":3}},"12":{"start":{"line":26,"column":19},"end":{"line":30,"column":5}},"13":{"start":{"line":31,"column":4},"end":{"line":33,"column":5}},"14":{"start":{"line":32,"column":6},"end":{"line":32,"column":47}},"15":{"start":{"line":34,"column":4},"end":{"line":34,"column":49}},"16":{"start":{"line":36,"column":4},"end":{"line":36,"column":21}},"17":{"start":{"line":41,"column":0},"end":{"line":55,"column":3}},"18":{"start":{"line":42,"column":2},"end":{"line":54,"column":3}},"19":{"start":{"line":43,"column":34},"end":{"line":43,"column":42}},"20":{"start":{"line":44,"column":17},"end":{"line":44,"column":30}},"21":{"start":{"line":45,"column":19},"end":{"line":50,"column":5}},"22":{"start":{"line":51,"column":4},"end":{"line":51,"column":49}},"23":{"start":{"line":53,"column":4},"end":{"line":53,"column":19}},"24":{"start":{"line":58,"column":0},"end":{"line":75,"column":3}},"25":{"start":{"line":59,"column":2},"end":{"line":74,"column":3}},"26":{"start":{"line":60,"column":34},"end":{"line":60,"column":42}},"27":{"start":{"line":61,"column":19},"end":{"line":67,"column":5}},"28":{"start":{"line":68,"column":4},"end":{"line":70,"column":5}},"29":{"start":{"line":69,"column":6},"end":{"line":69,"column":55}},"30":{"start":{"line":71,"column":4},"end":{"line":71,"column":49}},"31":{"start":{"line":73,"column":4},"end":{"line":73,"column":19}},"32":{"start":{"line":78,"column":0},"end":{"line":90,"column":3}},"33":{"start":{"line":79,"column":2},"end":{"line":89,"column":3}},"34":{"start":{"line":80,"column":19},"end":{"line":85,"column":5}},"35":{"start":{"line":86,"column":4},"end":{"line":86,"column":57}},"36":{"start":{"line":88,"column":4},"end":{"line":88,"column":19}},"37":{"start":{"line":98,"column":0},"end":{"line":98,"column":24}}},"fnMap":{"0":{"name":"(anonymous_0)","decl":{"start":{"line":9,"column":16},"end":{"line":9,"column":17}},"loc":{"start":{"line":9,"column":41},"end":{"line":20,"column":1}},"line":9},"1":{"name":"(anonymous_1)","decl":{"start":{"line":24,"column":21},"end":{"line":24,"column":22}},"loc":{"start":{"line":24,"column":47},"end":{"line":38,"column":1}},"line":24},"2":{"name":"(anonymous_2)","decl":{"start":{"line":41,"column":17},"end":{"line":41,"column":18}},"loc":{"start":{"line":41,"column":43},"end":{"line":55,"column":1}},"line":41},"3":{"name":"(anonymous_3)","decl":{"start":{"line":58,"column":21},"end":{"line":58,"column":22}},"loc":{"start":{"line":58,"column":47},"end":{"line":75,"column":1}},"line":58},"4":{"name":"(anonymous_4)","decl":{"start":{"line":78,"column":24},"end":{"line":78,"column":25}},"loc":{"start":{"line":78,"column":50},"end":{"line":90,"column":1}},"line":78}},"branchMap":{"0":{"loc":{"start":{"line":31,"column":4},"end":{"line":33,"column":5}},"type":"if","locations":[{"start":{"line":31,"column":4},"end":{"line":33,"column":5}},{"start":{},"end":{}}],"line":31},"1":{"loc":{"start":{"line":68,"column":4},"end":{"line":70,"column":5}},"type":"if","locations":[{"start":{"line":68,"column":4},"end":{"line":70,"column":5}},{"start":{},"end":{}}],"line":68}},"s":{"0":2,"1":2,"2":2,"3":2,"4":2,"5":2,"6":1,"7":1,"8":1,"9":0,"10":2,"11":1,"12":1,"13":1,"14":0,"15":1,"16":0,"17":2,"18":0,"19":0,"20":0,"21":0,"22":0,"23":0,"24":2,"25":1,"26":1,"27":1,"28":1,"29":0,"30":1,"31":0,"32":2,"33":1,"34":1,"35":1,"36":0,"37":2},"f":{"0":1,"1":1,"2":0,"3":1,"4":1},"b":{"0":[0,1],"1":[0,1]},"_coverageSchema":"1a1c01bbd47fc00a2c39e90264f33305004495a9","hash":"a009c64050be3c493d1501c7fc21714320ff7a6d"}
,"/Users/nadiae/Desktop/bizTime/routes/invoices.js": {"path":"/Users/nadiae/Desktop/bizTime/routes/invoices.js","statementMap":{"0":{"start":{"line":2,"column":16},"end":{"line":2,"column":34}},"1":{"start":{"line":3,"column":15},"end":{"line":3,"column":31}},"2":{"start":{"line":4,"column":11},"end":{"line":4,"column":27}},"3":{"start":{"line":5,"column":21},"end":{"line":5,"column":47}},"4":{"start":{"line":7,"column":0},"end":{"line":16,"column":3}},"5":{"start":{"line":8,"column":2},"end":{"line":15,"column":3}},"6":{"start":{"line":9,"column":19},"end":{"line":11,"column":5}},"7":{"start":{"line":12,"column":4},"end":{"line":12,"column":47}},"8":{"start":{"line":14,"column":4},"end":{"line":14,"column":19}},"9":{"start":{"line":18,"column":0},"end":{"line":32,"column":3}},"10":{"start":{"line":19,"column":2},"end":{"line":31,"column":3}},"11":{"start":{"line":20,"column":19},"end":{"line":20,"column":29}},"12":{"start":{"line":21,"column":19},"end":{"line":24,"column":5}},"13":{"start":{"line":25,"column":4},"end":{"line":27,"column":5}},"14":{"start":{"line":26,"column":6},"end":{"line":26,"column":55}},"15":{"start":{"line":28,"column":4},"end":{"line":28,"column":50}},"16":{"start":{"line":30,"column":4},"end":{"line":30,"column":19}},"17":{"start":{"line":34,"column":0},"end":{"line":48,"column":3}},"18":{"start":{"line":35,"column":2},"end":{"line":47,"column":3}},"19":{"start":{"line":36,"column":31},"end":{"line":36,"column":39}},"20":{"start":{"line":37,"column":19},"end":{"line":42,"column":5}},"21":{"start":{"line":44,"column":4},"end":{"line":44,"column":49}},"22":{"start":{"line":46,"column":4},"end":{"line":46,"column":19}},"23":{"start":{"line":50,"column":0},"end":{"line":64,"column":3}},"24":{"start":{"line":51,"column":2},"end":{"line":63,"column":3}},"25":{"start":{"line":52,"column":19},"end":{"line":52,"column":29}},"26":{"start":{"line":53,"column":19},"end":{"line":56,"column":5}},"27":{"start":{"line":57,"column":4},"end":{"line":59,"column":5}},"28":{"start":{"line":58,"column":6},"end":{"line":58,"column":56}},"29":{"start":{"line":60,"column":4},"end":{"line":60,"column":49}},"30":{"start":{"line":62,"column":4},"end":{"line":62,"column":21}},"31":{"start":{"line":66,"column":0},"end":{"line":77,"column":3}},"32":{"start":{"line":67,"column":2},"end":{"line":76,"column":3}},"33":{"start":{"line":68,"column":19},"end":{"line":68,"column":29}},"34":{"start":{"line":69,"column":19},"end":{"line":69,"column":78}},"35":{"start":{"line":73,"column":4},"end":{"line":73,"column":43}},"36":{"start":{"line":75,"column":4},"end":{"line":75,"column":19}},"37":{"start":{"line":79,"column":0},"end":{"line":79,"column":24}}},"fnMap":{"0":{"name":"(anonymous_0)","decl":{"start":{"line":7,"column":16},"end":{"line":7,"column":17}},"loc":{"start":{"line":7,"column":42},"end":{"line":16,"column":1}},"line":7},"1":{"name":"(anonymous_1)","decl":{"start":{"line":18,"column":19},"end":{"line":18,"column":20}},"loc":{"start":{"line":18,"column":45},"end":{"line":32,"column":1}},"line":18},"2":{"name":"(anonymous_2)","decl":{"start":{"line":34,"column":17},"end":{"line":34,"column":18}},"loc":{"start":{"line":34,"column":43},"end":{"line":48,"column":1}},"line":34},"3":{"name":"(anonymous_3)","decl":{"start":{"line":50,"column":19},"end":{"line":50,"column":20}},"loc":{"start":{"line":50,"column":45},"end":{"line":64,"column":1}},"line":50},"4":{"name":"(anonymous_4)","decl":{"start":{"line":66,"column":22},"end":{"line":66,"column":23}},"loc":{"start":{"line":66,"column":48},"end":{"line":77,"column":1}},"line":66}},"branchMap":{"0":{"loc":{"start":{"line":25,"column":4},"end":{"line":27,"column":5}},"type":"if","locations":[{"start":{"line":25,"column":4},"end":{"line":27,"column":5}},{"start":{},"end":{}}],"line":25},"1":{"loc":{"start":{"line":57,"column":4},"end":{"line":59,"column":5}},"type":"if","locations":[{"start":{"line":57,"column":4},"end":{"line":59,"column":5}},{"start":{},"end":{}}],"line":57}},"s":{"0":2,"1":2,"2":2,"3":2,"4":2,"5":1,"6":1,"7":1,"8":0,"9":2,"10":2,"11":2,"12":2,"13":2,"14":1,"15":1,"16":1,"17":2,"18":0,"19":0,"20":0,"21":0,"22":0,"23":2,"24":0,"25":0,"26":0,"27":0,"28":0,"29":0,"30":0,"31":2,"32":0,"33":0,"34":0,"35":0,"36":0,"37":2},"f":{"0":1,"1":2,"2":0,"3":0,"4":0},"b":{"0":[1,1],"1":[0,0]},"_coverageSchema":"1a1c01bbd47fc00a2c39e90264f33305004495a9","hash":"e30b65e8cab8fa3ef4f9566c3cb5e0b6b7b88897"}
}
