TN:
SF:companies.js
FN:9,(anonymous_0)
FN:24,(anonymous_1)
FN:41,(anonymous_2)
FN:58,(anonymous_3)
FN:78,(anonymous_4)
FNF:5
FNH:4
FNDA:1,(anonymous_0)
FNDA:1,(anonymous_1)
FNDA:0,(anonymous_2)
FNDA:1,(anonymous_3)
FNDA:1,(anonymous_4)
DA:2,2
DA:3,2
DA:4,2
DA:5,2
DA:6,2
DA:9,2
DA:10,1
DA:11,1
DA:14,1
DA:18,0
DA:24,2
DA:25,1
DA:26,1
DA:31,1
DA:32,0
DA:34,1
DA:36,0
DA:41,2
DA:42,0
DA:43,0
DA:44,0
DA:45,0
DA:51,0
DA:53,0
DA:58,2
DA:59,1
DA:60,1
DA:61,1
DA:68,1
DA:69,0
DA:71,1
DA:73,0
DA:78,2
DA:79,1
DA:80,1
DA:86,1
DA:88,0
DA:98,2
LF:38
LH:26
BRDA:31,0,0,0
BRDA:31,0,1,1
BRDA:68,1,0,0
BRDA:68,1,1,1
BRF:4
BRH:2
end_of_record
TN:
SF:invoices.js
FN:7,(anonymous_0)
FN:18,(anonymous_1)
FN:34,(anonymous_2)
FN:50,(anonymous_3)
FN:66,(anonymous_4)
FNF:5
FNH:2
FNDA:1,(anonymous_0)
FNDA:2,(anonymous_1)
FNDA:0,(anonymous_2)
FNDA:0,(anonymous_3)
FNDA:0,(anonymous_4)
DA:2,2
DA:3,2
DA:4,2
DA:5,2
DA:7,2
DA:8,1
DA:9,1
DA:12,1
DA:14,0
DA:18,2
DA:19,2
DA:20,2
DA:21,2
DA:25,2
DA:26,1
DA:28,1
DA:30,1
DA:34,2
DA:35,0
DA:36,0
DA:37,0
DA:44,0
DA:46,0
DA:50,2
DA:51,0
DA:52,0
DA:53,0
DA:57,0
DA:58,0
DA:60,0
DA:62,0
DA:66,2
DA:67,0
DA:68,0
DA:69,0
DA:73,0
DA:75,0
DA:79,2
LF:38
LH:20
BRDA:25,0,0,1
BRDA:25,0,1,1
BRDA:57,1,0,0
BRDA:57,1,1,0
BRF:4
BRH:2
end_of_record
